<?xml version="1.0" encoding="UTF-8"?>
<!-- Generated by org.testng.reporters.JUnitReportReporter -->
<testsuite hostname="DESKTOP-93TTTLC" failures="0" tests="1" name="com.ui.tests.LoginTest3" time="1.705" errors="0" timestamp="2025-05-19T12:24:57 EDT" skipped="0">
  <testcase classname="com.ui.tests.LoginTest3" name="loginTest" time="1.705"/>
</testsuite> <!-- com.ui.tests.LoginTest3 -->
